This is pdfTeX, Version 3.14159265-2.6-1.40.18 (MiKTeX 2.9.6350 64-bit) (preloaded format=pdflatex 2017.9.2)  12 JUN 2018 12:46
entering extended mode
**./dokumentacja.tex
(dokumentacja.tex
LaTeX2e <2017-04-15>
Babel <3.10> and hyphenation patterns for 75 language(s) loaded.
("C:\Program Files\MiKTeX 2.9\tex\latex\base\article.cls"
Document Class: article 2014/09/29 v1.4h Standard LaTeX document class
("C:\Program Files\MiKTeX 2.9\tex\latex\base\size10.clo"
File: size10.clo 2014/09/29 v1.4h Standard LaTeX file (size option)
)
\c@part=\count79
\c@section=\count80
\c@subsection=\count81
\c@subsubsection=\count82
\c@paragraph=\count83
\c@subparagraph=\count84
\c@figure=\count85
\c@table=\count86
\abovecaptionskip=\skip41
\belowcaptionskip=\skip42
\bibindent=\dimen102
)
("C:\Program Files\MiKTeX 2.9\tex\latex\polski\polski.sty"
Package: polski 2017/05/04 v1.3.4 Polish language package

   Switching to Polish text encoding and Polish maths fonts.
("C:\Program Files\MiKTeX 2.9\tex\latex\base\ot4enc.def"
File: ot4enc.def 2017/04/05 v2.0i Standard LaTeX file
)
LaTeX Font Info:    Try loading font information for OT4+cmr on input line 360.


("C:\Program Files\MiKTeX 2.9\tex\latex\polski\ot4cmr.fd"
File: ot4cmr.fd 2008/02/24 v1.2.1 Font defs for fonts PL (MW)
)
LaTeX Font Info:    Overwriting math alphabet `\mathbf' in version `normal'
(Font)                  OT1/cmr/bx/n --> OT4/cmr/bx/n on input line 360.
LaTeX Font Info:    Overwriting math alphabet `\mathsf' in version `normal'
(Font)                  OT1/cmss/m/n --> OT4/cmss/m/n on input line 360.
LaTeX Font Info:    Overwriting math alphabet `\mathit' in version `normal'
(Font)                  OT1/cmr/m/it --> OT4/cmr/m/it on input line 360.
LaTeX Font Info:    Overwriting math alphabet `\mathtt' in version `normal'
(Font)                  OT1/cmtt/m/n --> OT4/cmtt/m/n on input line 360.
LaTeX Font Info:    Overwriting math alphabet `\mathsf' in version `bold'
(Font)                  OT1/cmss/bx/n --> OT4/cmss/bx/n on input line 360.
LaTeX Font Info:    Overwriting math alphabet `\mathit' in version `bold'
(Font)                  OT1/cmr/bx/it --> OT4/cmr/bx/it on input line 360.
LaTeX Font Info:    Encoding `OT1' has changed to `OT4' for symbol font
(Font)              `operators' in the math version `normal' on input line 360.

LaTeX Font Info:    Overwriting symbol font `operators' in version `normal'
(Font)                  OT1/cmr/m/n --> OT4/cmr/m/n on input line 360.
LaTeX Font Info:    Overwriting symbol font `letters' in version `normal'
(Font)                  OML/cmm/m/it --> OML/plm/m/it on input line 360.
LaTeX Font Info:    Overwriting symbol font `symbols' in version `normal'
(Font)                  OMS/cmsy/m/n --> OMS/plsy/m/n on input line 360.
LaTeX Font Info:    Overwriting symbol font `largesymbols' in version `normal'
(Font)                  OMX/cmex/m/n --> OMX/plex/m/n on input line 360.
LaTeX Font Info:    Encoding `OT1' has changed to `OT4' for symbol font
(Font)              `operators' in the math version `bold' on input line 360.
LaTeX Font Info:    Overwriting symbol font `operators' in version `bold'
(Font)                  OT1/cmr/bx/n --> OT4/cmr/bx/n on input line 360.
LaTeX Font Info:    Overwriting symbol font `letters' in version `bold'
(Font)                  OML/cmm/b/it --> OML/plm/b/it on input line 360.
LaTeX Font Info:    Overwriting symbol font `symbols' in version `bold'
(Font)                  OMS/cmsy/b/n --> OMS/plsy/b/n on input line 360.
)
("C:\Program Files\MiKTeX 2.9\tex\latex\base\inputenc.sty"
Package: inputenc 2015/03/17 v1.2c Input encoding file
\inpenc@prehook=\toks14
\inpenc@posthook=\toks15

("C:\Program Files\MiKTeX 2.9\tex\latex\base\utf8.def"
File: utf8.def 2017/01/28 v1.1t UTF-8 support for inputenc
Now handling font encoding OML ...
... no UTF-8 mapping file for font encoding OML
Now handling font encoding T1 ...
... processing UTF-8 mapping file for font encoding T1

("C:\Program Files\MiKTeX 2.9\tex\latex\base\t1enc.dfu"
File: t1enc.dfu 2017/01/28 v1.1t UTF-8 support for inputenc
   defining Unicode char U+00A0 (decimal 160)
   defining Unicode char U+00A1 (decimal 161)
   defining Unicode char U+00A3 (decimal 163)
   defining Unicode char U+00AB (decimal 171)
   defining Unicode char U+00AD (decimal 173)
   defining Unicode char U+00BB (decimal 187)
   defining Unicode char U+00BF (decimal 191)
   defining Unicode char U+00C0 (decimal 192)
   defining Unicode char U+00C1 (decimal 193)
   defining Unicode char U+00C2 (decimal 194)
   defining Unicode char U+00C3 (decimal 195)
   defining Unicode char U+00C4 (decimal 196)
   defining Unicode char U+00C5 (decimal 197)
   defining Unicode char U+00C6 (decimal 198)
   defining Unicode char U+00C7 (decimal 199)
   defining Unicode char U+00C8 (decimal 200)
   defining Unicode char U+00C9 (decimal 201)
   defining Unicode char U+00CA (decimal 202)
   defining Unicode char U+00CB (decimal 203)
   defining Unicode char U+00CC (decimal 204)
   defining Unicode char U+00CD (decimal 205)
   defining Unicode char U+00CE (decimal 206)
   defining Unicode char U+00CF (decimal 207)
   defining Unicode char U+00D0 (decimal 208)
   defining Unicode char U+00D1 (decimal 209)
   defining Unicode char U+00D2 (decimal 210)
   defining Unicode char U+00D3 (decimal 211)
   defining Unicode char U+00D4 (decimal 212)
   defining Unicode char U+00D5 (decimal 213)
   defining Unicode char U+00D6 (decimal 214)
   defining Unicode char U+00D8 (decimal 216)
   defining Unicode char U+00D9 (decimal 217)
   defining Unicode char U+00DA (decimal 218)
   defining Unicode char U+00DB (decimal 219)
   defining Unicode char U+00DC (decimal 220)
   defining Unicode char U+00DD (decimal 221)
   defining Unicode char U+00DE (decimal 222)
   defining Unicode char U+00DF (decimal 223)
   defining Unicode char U+00E0 (decimal 224)
   defining Unicode char U+00E1 (decimal 225)
   defining Unicode char U+00E2 (decimal 226)
   defining Unicode char U+00E3 (decimal 227)
   defining Unicode char U+00E4 (decimal 228)
   defining Unicode char U+00E5 (decimal 229)
   defining Unicode char U+00E6 (decimal 230)
   defining Unicode char U+00E7 (decimal 231)
   defining Unicode char U+00E8 (decimal 232)
   defining Unicode char U+00E9 (decimal 233)
   defining Unicode char U+00EA (decimal 234)
   defining Unicode char U+00EB (decimal 235)
   defining Unicode char U+00EC (decimal 236)
   defining Unicode char U+00ED (decimal 237)
   defining Unicode char U+00EE (decimal 238)
   defining Unicode char U+00EF (decimal 239)
   defining Unicode char U+00F0 (decimal 240)
   defining Unicode char U+00F1 (decimal 241)
   defining Unicode char U+00F2 (decimal 242)
   defining Unicode char U+00F3 (decimal 243)
   defining Unicode char U+00F4 (decimal 244)
   defining Unicode char U+00F5 (decimal 245)
   defining Unicode char U+00F6 (decimal 246)
   defining Unicode char U+00F8 (decimal 248)
   defining Unicode char U+00F9 (decimal 249)
   defining Unicode char U+00FA (decimal 250)
   defining Unicode char U+00FB (decimal 251)
   defining Unicode char U+00FC (decimal 252)
   defining Unicode char U+00FD (decimal 253)
   defining Unicode char U+00FE (decimal 254)
   defining Unicode char U+00FF (decimal 255)
   defining Unicode char U+0100 (decimal 256)
   defining Unicode char U+0101 (decimal 257)
   defining Unicode char U+0102 (decimal 258)
   defining Unicode char U+0103 (decimal 259)
   defining Unicode char U+0104 (decimal 260)
   defining Unicode char U+0105 (decimal 261)
   defining Unicode char U+0106 (decimal 262)
   defining Unicode char U+0107 (decimal 263)
   defining Unicode char U+0108 (decimal 264)
   defining Unicode char U+0109 (decimal 265)
   defining Unicode char U+010A (decimal 266)
   defining Unicode char U+010B (decimal 267)
   defining Unicode char U+010C (decimal 268)
   defining Unicode char U+010D (decimal 269)
   defining Unicode char U+010E (decimal 270)
   defining Unicode char U+010F (decimal 271)
   defining Unicode char U+0110 (decimal 272)
   defining Unicode char U+0111 (decimal 273)
   defining Unicode char U+0112 (decimal 274)
   defining Unicode char U+0113 (decimal 275)
   defining Unicode char U+0114 (decimal 276)
   defining Unicode char U+0115 (decimal 277)
   defining Unicode char U+0116 (decimal 278)
   defining Unicode char U+0117 (decimal 279)
   defining Unicode char U+0118 (decimal 280)
   defining Unicode char U+0119 (decimal 281)
   defining Unicode char U+011A (decimal 282)
   defining Unicode char U+011B (decimal 283)
   defining Unicode char U+011C (decimal 284)
   defining Unicode char U+011D (decimal 285)
   defining Unicode char U+011E (decimal 286)
   defining Unicode char U+011F (decimal 287)
   defining Unicode char U+0120 (decimal 288)
   defining Unicode char U+0121 (decimal 289)
   defining Unicode char U+0122 (decimal 290)
   defining Unicode char U+0123 (decimal 291)
   defining Unicode char U+0124 (decimal 292)
   defining Unicode char U+0125 (decimal 293)
   defining Unicode char U+0128 (decimal 296)
   defining Unicode char U+0129 (decimal 297)
   defining Unicode char U+012A (decimal 298)
   defining Unicode char U+012B (decimal 299)
   defining Unicode char U+012C (decimal 300)
   defining Unicode char U+012D (decimal 301)
   defining Unicode char U+012E (decimal 302)
   defining Unicode char U+012F (decimal 303)
   defining Unicode char U+0130 (decimal 304)
   defining Unicode char U+0131 (decimal 305)
   defining Unicode char U+0132 (decimal 306)
   defining Unicode char U+0133 (decimal 307)
   defining Unicode char U+0134 (decimal 308)
   defining Unicode char U+0135 (decimal 309)
   defining Unicode char U+0136 (decimal 310)
   defining Unicode char U+0137 (decimal 311)
   defining Unicode char U+0139 (decimal 313)
   defining Unicode char U+013A (decimal 314)
   defining Unicode char U+013B (decimal 315)
   defining Unicode char U+013C (decimal 316)
   defining Unicode char U+013D (decimal 317)
   defining Unicode char U+013E (decimal 318)
   defining Unicode char U+0141 (decimal 321)
   defining Unicode char U+0142 (decimal 322)
   defining Unicode char U+0143 (decimal 323)
   defining Unicode char U+0144 (decimal 324)
   defining Unicode char U+0145 (decimal 325)
   defining Unicode char U+0146 (decimal 326)
   defining Unicode char U+0147 (decimal 327)
   defining Unicode char U+0148 (decimal 328)
   defining Unicode char U+014A (decimal 330)
   defining Unicode char U+014B (decimal 331)
   defining Unicode char U+014C (decimal 332)
   defining Unicode char U+014D (decimal 333)
   defining Unicode char U+014E (decimal 334)
   defining Unicode char U+014F (decimal 335)
   defining Unicode char U+0150 (decimal 336)
   defining Unicode char U+0151 (decimal 337)
   defining Unicode char U+0152 (decimal 338)
   defining Unicode char U+0153 (decimal 339)
   defining Unicode char U+0154 (decimal 340)
   defining Unicode char U+0155 (decimal 341)
   defining Unicode char U+0156 (decimal 342)
   defining Unicode char U+0157 (decimal 343)
   defining Unicode char U+0158 (decimal 344)
   defining Unicode char U+0159 (decimal 345)
   defining Unicode char U+015A (decimal 346)
   defining Unicode char U+015B (decimal 347)
   defining Unicode char U+015C (decimal 348)
   defining Unicode char U+015D (decimal 349)
   defining Unicode char U+015E (decimal 350)
   defining Unicode char U+015F (decimal 351)
   defining Unicode char U+0160 (decimal 352)
   defining Unicode char U+0161 (decimal 353)
   defining Unicode char U+0162 (decimal 354)
   defining Unicode char U+0163 (decimal 355)
   defining Unicode char U+0164 (decimal 356)
   defining Unicode char U+0165 (decimal 357)
   defining Unicode char U+0168 (decimal 360)
   defining Unicode char U+0169 (decimal 361)
   defining Unicode char U+016A (decimal 362)
   defining Unicode char U+016B (decimal 363)
   defining Unicode char U+016C (decimal 364)
   defining Unicode char U+016D (decimal 365)
   defining Unicode char U+016E (decimal 366)
   defining Unicode char U+016F (decimal 367)
   defining Unicode char U+0170 (decimal 368)
   defining Unicode char U+0171 (decimal 369)
   defining Unicode char U+0172 (decimal 370)
   defining Unicode char U+0173 (decimal 371)
   defining Unicode char U+0174 (decimal 372)
   defining Unicode char U+0175 (decimal 373)
   defining Unicode char U+0176 (decimal 374)
   defining Unicode char U+0177 (decimal 375)
   defining Unicode char U+0178 (decimal 376)
   defining Unicode char U+0179 (decimal 377)
   defining Unicode char U+017A (decimal 378)
   defining Unicode char U+017B (decimal 379)
   defining Unicode char U+017C (decimal 380)
   defining Unicode char U+017D (decimal 381)
   defining Unicode char U+017E (decimal 382)
   defining Unicode char U+01CD (decimal 461)
   defining Unicode char U+01CE (decimal 462)
   defining Unicode char U+01CF (decimal 463)
   defining Unicode char U+01D0 (decimal 464)
   defining Unicode char U+01D1 (decimal 465)
   defining Unicode char U+01D2 (decimal 466)
   defining Unicode char U+01D3 (decimal 467)
   defining Unicode char U+01D4 (decimal 468)
   defining Unicode char U+01E2 (decimal 482)
   defining Unicode char U+01E3 (decimal 483)
   defining Unicode char U+01E6 (decimal 486)
   defining Unicode char U+01E7 (decimal 487)
   defining Unicode char U+01E8 (decimal 488)
   defining Unicode char U+01E9 (decimal 489)
   defining Unicode char U+01EA (decimal 490)
   defining Unicode char U+01EB (decimal 491)
   defining Unicode char U+01F0 (decimal 496)
   defining Unicode char U+01F4 (decimal 500)
   defining Unicode char U+01F5 (decimal 501)
   defining Unicode char U+0218 (decimal 536)
   defining Unicode char U+0219 (decimal 537)
   defining Unicode char U+021A (decimal 538)
   defining Unicode char U+021B (decimal 539)
   defining Unicode char U+0232 (decimal 562)
   defining Unicode char U+0233 (decimal 563)
   defining Unicode char U+1E02 (decimal 7682)
   defining Unicode char U+1E03 (decimal 7683)
   defining Unicode char U+200C (decimal 8204)
   defining Unicode char U+2010 (decimal 8208)
   defining Unicode char U+2011 (decimal 8209)
   defining Unicode char U+2012 (decimal 8210)
   defining Unicode char U+2013 (decimal 8211)
   defining Unicode char U+2014 (decimal 8212)
   defining Unicode char U+2015 (decimal 8213)
   defining Unicode char U+2018 (decimal 8216)
   defining Unicode char U+2019 (decimal 8217)
   defining Unicode char U+201A (decimal 8218)
   defining Unicode char U+201C (decimal 8220)
   defining Unicode char U+201D (decimal 8221)
   defining Unicode char U+201E (decimal 8222)
   defining Unicode char U+2030 (decimal 8240)
   defining Unicode char U+2031 (decimal 8241)
   defining Unicode char U+2039 (decimal 8249)
   defining Unicode char U+203A (decimal 8250)
   defining Unicode char U+2423 (decimal 9251)
   defining Unicode char U+1E20 (decimal 7712)
   defining Unicode char U+1E21 (decimal 7713)
)
Now handling font encoding OT1 ...
... processing UTF-8 mapping file for font encoding OT1

("C:\Program Files\MiKTeX 2.9\tex\latex\base\ot1enc.dfu"
File: ot1enc.dfu 2017/01/28 v1.1t UTF-8 support for inputenc
   defining Unicode char U+00A0 (decimal 160)
   defining Unicode char U+00A1 (decimal 161)
   defining Unicode char U+00A3 (decimal 163)
   defining Unicode char U+00AD (decimal 173)
   defining Unicode char U+00B8 (decimal 184)
   defining Unicode char U+00BF (decimal 191)
   defining Unicode char U+00C5 (decimal 197)
   defining Unicode char U+00C6 (decimal 198)
   defining Unicode char U+00D8 (decimal 216)
   defining Unicode char U+00DF (decimal 223)
   defining Unicode char U+00E6 (decimal 230)
   defining Unicode char U+00EC (decimal 236)
   defining Unicode char U+00ED (decimal 237)
   defining Unicode char U+00EE (decimal 238)
   defining Unicode char U+00EF (decimal 239)
   defining Unicode char U+00F8 (decimal 248)
   defining Unicode char U+0131 (decimal 305)
   defining Unicode char U+0141 (decimal 321)
   defining Unicode char U+0142 (decimal 322)
   defining Unicode char U+0152 (decimal 338)
   defining Unicode char U+0153 (decimal 339)
   defining Unicode char U+0174 (decimal 372)
   defining Unicode char U+0175 (decimal 373)
   defining Unicode char U+0176 (decimal 374)
   defining Unicode char U+0177 (decimal 375)
   defining Unicode char U+0218 (decimal 536)
   defining Unicode char U+0219 (decimal 537)
   defining Unicode char U+021A (decimal 538)
   defining Unicode char U+021B (decimal 539)
   defining Unicode char U+2013 (decimal 8211)
   defining Unicode char U+2014 (decimal 8212)
   defining Unicode char U+2018 (decimal 8216)
   defining Unicode char U+2019 (decimal 8217)
   defining Unicode char U+201C (decimal 8220)
   defining Unicode char U+201D (decimal 8221)
)
Now handling font encoding OMS ...
... processing UTF-8 mapping file for font encoding OMS

("C:\Program Files\MiKTeX 2.9\tex\latex\base\omsenc.dfu"
File: omsenc.dfu 2017/01/28 v1.1t UTF-8 support for inputenc
   defining Unicode char U+00A7 (decimal 167)
   defining Unicode char U+00B6 (decimal 182)
   defining Unicode char U+00B7 (decimal 183)
   defining Unicode char U+2020 (decimal 8224)
   defining Unicode char U+2021 (decimal 8225)
   defining Unicode char U+2022 (decimal 8226)
)
Now handling font encoding OMX ...
... no UTF-8 mapping file for font encoding OMX
Now handling font encoding U ...
... no UTF-8 mapping file for font encoding U
Now handling font encoding OT4 ...
... no UTF-8 mapping file for font encoding OT4
   defining Unicode char U+00A9 (decimal 169)
   defining Unicode char U+00AA (decimal 170)
   defining Unicode char U+00AE (decimal 174)
   defining Unicode char U+00BA (decimal 186)
   defining Unicode char U+02C6 (decimal 710)
   defining Unicode char U+02DC (decimal 732)
   defining Unicode char U+200C (decimal 8204)
   defining Unicode char U+2026 (decimal 8230)
   defining Unicode char U+2122 (decimal 8482)
   defining Unicode char U+2423 (decimal 9251)
))
("C:\Program Files\MiKTeX 2.9\tex\latex\graphics\graphicx.sty"
Package: graphicx 2014/10/28 v1.0g Enhanced LaTeX Graphics (DPC,SPQR)

("C:\Program Files\MiKTeX 2.9\tex\latex\graphics\keyval.sty"
Package: keyval 2014/10/28 v1.15 key=value parser (DPC)
\KV@toks@=\toks16
)
("C:\Program Files\MiKTeX 2.9\tex\latex\graphics\graphics.sty"
Package: graphics 2017/04/14 v1.1b Standard LaTeX Graphics (DPC,SPQR)

("C:\Program Files\MiKTeX 2.9\tex\latex\graphics\trig.sty"
Package: trig 2016/01/03 v1.10 sin cos tan (DPC)
)
("C:\Program Files\MiKTeX 2.9\tex\latex\graphics-cfg\graphics.cfg"
File: graphics.cfg 2016/06/04 v1.11 sample graphics configuration
)
Package graphics Info: Driver file: pdftex.def on input line 99.

("C:\Program Files\MiKTeX 2.9\tex\latex\graphics-def\pdftex.def"
File: pdftex.def 2017/01/12 v0.06k Graphics/color for pdfTeX

("C:\Program Files\MiKTeX 2.9\tex\generic\oberdiek\infwarerr.sty"
Package: infwarerr 2016/05/16 v1.4 Providing info/warning/error messages (HO)
)
("C:\Program Files\MiKTeX 2.9\tex\generic\oberdiek\ltxcmds.sty"
Package: ltxcmds 2016/05/16 v1.23 LaTeX kernel commands for general use (HO)
)
\Gread@gobject=\count87
))
\Gin@req@height=\dimen103
\Gin@req@width=\dimen104
)
("C:\Program Files\MiKTeX 2.9\tex\latex\xcolor\xcolor.sty"
Package: xcolor 2016/05/11 v2.12 LaTeX color extensions (UK)

("C:\Program Files\MiKTeX 2.9\tex\latex\graphics-cfg\color.cfg"
File: color.cfg 2016/01/02 v1.6 sample color configuration
)
Package xcolor Info: Driver file: pdftex.def on input line 225.
Package xcolor Info: Model `cmy' substituted by `cmy0' on input line 1348.
Package xcolor Info: Model `hsb' substituted by `rgb' on input line 1352.
Package xcolor Info: Model `RGB' extended on input line 1364.
Package xcolor Info: Model `HTML' substituted by `rgb' on input line 1366.
Package xcolor Info: Model `Hsb' substituted by `hsb' on input line 1367.
Package xcolor Info: Model `tHsb' substituted by `hsb' on input line 1368.
Package xcolor Info: Model `HSB' substituted by `hsb' on input line 1369.
Package xcolor Info: Model `Gray' substituted by `gray' on input line 1370.
Package xcolor Info: Model `wave' substituted by `hsb' on input line 1371.
)
("C:\Program Files\MiKTeX 2.9\tex\latex\float\float.sty"
Package: float 2001/11/08 v1.3d Float enhancements (AL)
\c@float@type=\count88
\float@exts=\toks17
\float@box=\box26
\@float@everytoks=\toks18
\@floatcapt=\box27
)
("C:\Program Files\MiKTeX 2.9\tex\latex\caption\caption.sty"
Package: caption 2016/02/21 v3.3-144 Customizing captions (AR)

("C:\Program Files\MiKTeX 2.9\tex\latex\caption\caption3.sty"
Package: caption3 2016/05/22 v1.7-166 caption3 kernel (AR)
Package caption3 Info: TeX engine: e-TeX on input line 67.
\captionmargin=\dimen105
\captionmargin@=\dimen106
\captionwidth=\dimen107
\caption@tempdima=\dimen108
\caption@indent=\dimen109
\caption@parindent=\dimen110
\caption@hangindent=\dimen111
)
\c@ContinuedFloat=\count89
Package caption Info: float package is loaded.
)
(dokumentacja.aux)
\openout1 = `dokumentacja.aux'.

LaTeX Font Info:    Checking defaults for OML/cmm/m/it on input line 16.
LaTeX Font Info:    ... okay on input line 16.
LaTeX Font Info:    Checking defaults for T1/cmr/m/n on input line 16.
LaTeX Font Info:    ... okay on input line 16.
LaTeX Font Info:    Checking defaults for OT1/cmr/m/n on input line 16.
LaTeX Font Info:    ... okay on input line 16.
LaTeX Font Info:    Checking defaults for OMS/cmsy/m/n on input line 16.
LaTeX Font Info:    ... okay on input line 16.
LaTeX Font Info:    Checking defaults for OMX/cmex/m/n on input line 16.
LaTeX Font Info:    ... okay on input line 16.
LaTeX Font Info:    Checking defaults for U/cmr/m/n on input line 16.
LaTeX Font Info:    ... okay on input line 16.
LaTeX Font Info:    Checking defaults for OT4/cmr/m/n on input line 16.
LaTeX Font Info:    ... okay on input line 16.
 ("C:\Program Files\MiKTeX 2.9\tex\context\base\supp-pdf.mkii"
[Loading MPS to PDF converter (version 2006.09.02).]
\scratchcounter=\count90
\scratchdimen=\dimen112
\scratchbox=\box28
\nofMPsegments=\count91
\nofMParguments=\count92
\everyMPshowfont=\toks19
\MPscratchCnt=\count93
\MPscratchDim=\dimen113
\MPnumerator=\count94
\makeMPintoPDFobject=\count95
\everyMPtoPDFconversion=\toks20
) ("C:\Program Files\MiKTeX 2.9\tex\generic\oberdiek\pdftexcmds.sty"
Package: pdftexcmds 2017/03/19 v0.25 Utility functions of pdfTeX for LuaTeX (HO
)

("C:\Program Files\MiKTeX 2.9\tex\generic\oberdiek\ifluatex.sty"
Package: ifluatex 2016/05/16 v1.4 Provides the ifluatex switch (HO)
Package ifluatex Info: LuaTeX not detected.
)
("C:\Program Files\MiKTeX 2.9\tex\generic\oberdiek\ifpdf.sty"
Package: ifpdf 2017/03/15 v3.2 Provides the ifpdf switch
)
Package pdftexcmds Info: LuaTeX not detected.
Package pdftexcmds Info: \pdf@primitive is available.
Package pdftexcmds Info: \pdf@ifprimitive is available.
Package pdftexcmds Info: \pdfdraftmode found.
)
("C:\Program Files\MiKTeX 2.9\tex\latex\oberdiek\epstopdf-base.sty"
Package: epstopdf-base 2016/05/15 v2.6 Base part for package epstopdf

("C:\Program Files\MiKTeX 2.9\tex\latex\oberdiek\grfext.sty"
Package: grfext 2016/05/16 v1.2 Manage graphics extensions (HO)

("C:\Program Files\MiKTeX 2.9\tex\generic\oberdiek\kvdefinekeys.sty"
Package: kvdefinekeys 2016/05/16 v1.4 Define keys (HO)
))
("C:\Program Files\MiKTeX 2.9\tex\latex\oberdiek\kvoptions.sty"
Package: kvoptions 2016/05/16 v3.12 Key value format for package options (HO)

("C:\Program Files\MiKTeX 2.9\tex\generic\oberdiek\kvsetkeys.sty"
Package: kvsetkeys 2016/05/16 v1.17 Key value parser (HO)

("C:\Program Files\MiKTeX 2.9\tex\generic\oberdiek\etexcmds.sty"
Package: etexcmds 2016/05/16 v1.6 Avoid name clashes with e-TeX commands (HO)
Package etexcmds Info: Could not find \expanded.
(etexcmds)             That can mean that you are not using pdfTeX 1.50 or
(etexcmds)             that some package has redefined \expanded.
(etexcmds)             In the latter case, load this package earlier.
)))
Package epstopdf-base Info: Redefining graphics rule for `.eps' on input line 4
38.
Package grfext Info: Graphics extension search list:
(grfext)             [.png,.pdf,.jpg,.mps,.jpeg,.jbig2,.jb2,.PNG,.PDF,.JPG,.JPE
G,.JBIG2,.JB2,.eps]
(grfext)             \AppendGraphicsExtensions on input line 456.
)
Package caption Info: Begin \AtBeginDocument code.
Package caption Info: End \AtBeginDocument code.

<logo_pol_wroclaw.png, id=1, 235.88126pt x 235.88126pt>
File: logo_pol_wroclaw.png Graphic file (type png)

<use logo_pol_wroclaw.png>
Package pdftex.def Info: logo_pol_wroclaw.png used on input line 20.
(pdftex.def)             Requested size: 86.25pt x 86.2489pt.
 [1

{C:/ProgramData/MiKTeX/2.9/pdftex/config/pdftex.map} <./logo_pol_wroclaw.png>] 
[1] <firma1.png, id=16, 217.81375pt x 54.2025pt>
File: firma1.png Graphic file (type png)

<use firma1.png>
Package pdftex.def Info: firma1.png used on input line 79.
(pdftex.def)             Requested size: 56.9055pt x 14.16013pt.
LaTeX Font Info:    Try loading font information for OML+plm on input line 80.
 ("C:\Program Files\MiKTeX 2.9\tex\latex\polski\omlplm.fd"
File: omlplm.fd 2008/02/24 v1.2.1 Font defs for fonts PL (MW)
)
LaTeX Font Info:    Try loading font information for OMS+plsy on input line 80.


("C:\Program Files\MiKTeX 2.9\tex\latex\polski\omsplsy.fd"
File: omsplsy.fd 2008/02/24 v1.2.1 Font defs for fonts PL (MW)
)
LaTeX Font Info:    Try loading font information for OMX+plex on input line 80.


("C:\Program Files\MiKTeX 2.9\tex\latex\polski\omxplex.fd"
File: omxplex.fd 2008/02/24 v1.2.1 Font defs for fonts PL (MW)
)
LaTeX Font Info:    External font `plex10' loaded for size
(Font)              <10> on input line 80.
LaTeX Font Info:    External font `plex10' loaded for size
(Font)              <7> on input line 80.
LaTeX Font Info:    External font `plex10' loaded for size
(Font)              <5> on input line 80.

<firma2.png, id=17, 177.66376pt x 57.21375pt>
File: firma2.png Graphic file (type png)
 <use firma2.png>
Package pdftex.def Info: firma2.png used on input line 82.
(pdftex.def)             Requested size: 56.9055pt x 18.32535pt.

<firma3.png, id=18, 116.435pt x 84.315pt>
File: firma3.png Graphic file (type png)
 <use firma3.png>
Package pdftex.def Info: firma3.png used on input line 85.
(pdftex.def)             Requested size: 56.9055pt x 41.20662pt.

<firma4.png, id=19, 163.61125pt x 49.18375pt>
File: firma4.png Graphic file (type png)
 <use firma4.png>
Package pdftex.def Info: firma4.png used on input line 88.
(pdftex.def)             Requested size: 56.9055pt x 17.10649pt.

<konkurencjaTabela.png, id=20, 655.44875pt x 259.97125pt>
File: konkurencjaTabela.png Graphic file (type png)

<use konkurencjaTabela.png>
Package pdftex.def Info: konkurencjaTabela.png used on input line 96.
(pdftex.def)             Requested size: 327.74895pt x 129.9972pt.


LaTeX Warning: `h' float specifier changed to `ht'.

[2 <./firma1.png> <./firma2.png> <./firma3.png> <./firma4.png>] [3 <./konkurenc
jaTabela.png>]
Underfull \hbox (badness 10000) in paragraph at lines 134--134
[]\OT4/cmr/m/n/10 Nie za-im-ple-men-to-wa-nie
 []


Underfull \hbox (badness 6316) in paragraph at lines 134--134
\OT4/cmr/m/n/10 funk-cji ze wzgl¦-du na
 []


Underfull \hbox (badness 7012) in paragraph at lines 141--141
[]\OT4/cmr/m/n/10 Zªe de-cy-zje pro-jek-to-we
 []


Underfull \hbox (badness 2486) in paragraph at lines 142--142
[]\OT4/cmr/m/n/10 Niedostateczne za-bez-pie-
 []

<use_case.jpg, id=33, 739.76375pt x 815.045pt>
File: use_case.jpg Graphic file (type jpg)
 <use use_case.jpg>
Package pdftex.def Info: use_case.jpg used on input line 152.
(pdftex.def)             Requested size: 310.4979pt x 342.0927pt.
 [4] [5 <./use_case.jpg>]
Overfull \hbox (5.30621pt too wide) in paragraph at lines 190--192
[]\OT4/cmr/m/n/10 wysªanie wia-do-mo-±ci do klien-ta Opcja bez-po-±red-niej ko-
mu-ni-ka-cji przez
 []

[6]
Overfull \hbox (17.66733pt too wide) in paragraph at lines 209--210
\OT4/cmr/m/n/10 Projekt zo-staª zre-ali-zo-wa-ny z wy-ko-rzy-sta-niem j¦-zy-ka 
C# oraz fra-me-wor-ka ASP.NET
 []

<c_hasztag.png, id=44, 256.96pt x 256.96pt>
File: c_hasztag.png Graphic file (type png)
 <use c_hasztag.png>
Package pdftex.def Info: c_hasztag.png used on input line 214.
(pdftex.def)             Requested size: 56.9055pt x 56.90385pt.

<asp_net-MVC.png, id=45, 265.99374pt x 265.99374pt>
File: asp_net-MVC.png Graphic file (type png)
 <use asp_net-MVC.png>
Package pdftex.def Info: asp_net-MVC.png used on input line 217.
(pdftex.def)             Requested size: 56.9055pt x 56.90343pt.

<html.png, id=46, 1027.84pt x 602.25pt>
File: html.png Graphic file (type png)
 <use html.png>
Package pdftex.def Info: html.png used on input line 220.
(pdftex.def)             Requested size: 56.9055pt x 33.3398pt.

<sql.png, id=47, 941.5175pt x 238.8925pt>
File: sql.png Graphic file (type png)
 <use sql.png>
Package pdftex.def Info: sql.png used on input line 223.
(pdftex.def)             Requested size: 56.9055pt x 14.43863pt.
LaTeX Font Info:    Try loading font information for OMS+cmr on input line 229.


("C:\Program Files\MiKTeX 2.9\tex\latex\base\omscmr.fd"
File: omscmr.fd 2014/09/29 v2.5h Standard LaTeX font definitions
)
LaTeX Font Info:    Font shape `OMS/cmr/m/n' in size <10> not available
(Font)              Font shape `OMS/cmsy/m/n' tried instead on input line 229.

Underfull \hbox (badness 10000) in paragraph at lines 229--231

 []


Underfull \hbox (badness 10000) in paragraph at lines 232--238

 []

[7 <./c_hasztag.png> <./asp_net-MVC.png> <./html.png> <./sql.png>]

LaTeX Warning: Citation `asp' on page 8 undefined on input line 239.


Underfull \hbox (badness 10000) in paragraph at lines 238--240

 []


Underfull \hbox (badness 10000) in paragraph at lines 241--244

 []


Underfull \hbox (badness 10000) in paragraph at lines 245--247

 []

[8]
Underfull \hbox (badness 10000) in paragraph at lines 248--253

 []


Underfull \hbox (badness 10000) in paragraph at lines 254--256

 []

[9]
Underfull \hbox (badness 10000) in paragraph at lines 279--282

 []

<ntier.png, id=62, 499.8675pt x 439.6425pt>
File: ntier.png Graphic file (type png)
 <use ntier.png>
Package pdftex.def Info: ntier.png used on input line 289.
(pdftex.def)             Requested size: 172.5pt x 151.71707pt.

Overfull \hbox (4.47292pt too wide) in paragraph at lines 295--296
\OT4/cmr/m/n/10 j¦-zy-ka plat-for-my (np. C#) j¦-zy-ków do opi-sów wy-gl¡-du st
ro-ny (CSS, HTML,
 []

[10 <./ntier.png (PNG copy)>] <system.png, id=66, 845.1575pt x 1147.28625pt>
File: system.png Graphic file (type png)

<use system.png>
Package pdftex.def Info: system.png used on input line 307.
(pdftex.def)             Requested size: 345.0pt x 468.3422pt.
 [11]

LaTeX Warning: Reference `Architektura systemu' on page 12 undefined on input l
ine 312.


LaTeX Warning: Reference `fig:system' on page 12 undefined on input line 312.

[12 <./system.png>]

LaTeX Warning: Reference `fig:tier' on page 13 undefined on input line 317.

<bazaIdentity.png, id=75, 697.10437pt x 511.9125pt>
File: bazaIdentity.png Graphic file (type png)
 <use bazaIdentity.png>
Package pdftex.def Info: bazaIdentity.png used on input line 320.
(pdftex.def)             Requested size: 310.4979pt x 228.00734pt.


LaTeX Warning: Reference `fig:baza2' on page 13 undefined on input line 324.


LaTeX Warning: Reference `fig:baza1' on page 13 undefined on input line 324.

<bazaStolik.png, id=76, 1690.81688pt x 947.79094pt>
File: bazaStolik.png Graphic file (type png)
 <use bazaStolik.png>
Package pdftex.def Info: bazaStolik.png used on input line 327.
(pdftex.def)             Requested size: 1690.81276pt x 947.78864pt.

[13 <./bazaIdentity.png>]
Overfull \vbox (87.45316pt too high) has occurred while \output is active []


[14 <./bazaStolik.png>] <algo1.jpg, id=84, 563.10374pt x 427.5975pt>
File: algo1.jpg Graphic file (type jpg)

<use algo1.jpg>
Package pdftex.def Info: algo1.jpg used on input line 345.
(pdftex.def)             Requested size: 241.49895pt x 183.38051pt.


LaTeX Warning: Reference `fig:alg1' on page 15 undefined on input line 350.

<algo2.jpg, id=85, 489.83pt x 709.65125pt>
File: algo2.jpg Graphic file (type jpg)
 <use algo2.jpg>
Package pdftex.def Info: algo2.jpg used on input line 354.
(pdftex.def)             Requested size: 172.5pt x 249.90845pt.
 [15 <./algo1.jpg>]

LaTeX Warning: Reference `fig:alg2' on page 16 undefined on input line 359.

<algo3.jpg, id=89, 364.36125pt x 673.51625pt>
File: algo3.jpg Graphic file (type jpg)
 <use algo3.jpg>
Package pdftex.def Info: algo3.jpg used on input line 364.
(pdftex.def)             Requested size: 172.5pt x 318.85474pt.
 [16 <./algo2.jpg>]

LaTeX Warning: Reference `fig:alg3' on page 17 undefined on input line 369.

<screens/index1.png, id=93, 1028.34187pt x 548.0475pt>
File: screens/index1.png Graphic file (type png)

<use screens/index1.png>
Package pdftex.def Info: screens/index1.png used on input line 376.
(pdftex.def)             Requested size: 345.0pt x 183.86673pt.
 [17 <./algo3.jpg>]
<screens/index2.png, id=97, 1441.63594pt x 781.41937pt>
File: screens/index2.png Graphic file (type png)

<use screens/index2.png>
Package pdftex.def Info: screens/index2.png used on input line 383.
(pdftex.def)             Requested size: 345.0pt x 186.996pt.

<screens/index3.png, id=98, 2614.5178pt x 1467.98438pt>
File: screens/index3.png Graphic file (type png)

<use screens/index3.png>
Package pdftex.def Info: screens/index3.png used on input line 390.
(pdftex.def)             Requested size: 345.0pt x 193.68942pt.
 [18 <./screens/index1.png> <./screens/index2.png>]
<screens/index4.png, id=104, 1425.07407pt x 706.13812pt>
File: screens/index4.png Graphic file (type png)

<use screens/index4.png>
Package pdftex.def Info: screens/index4.png used on input line 397.
(pdftex.def)             Requested size: 345.0pt x 170.94197pt.


LaTeX Warning: Reference `fig:index' on page 19 undefined on input line 402.


LaTeX Warning: Reference `fig:index_recomended' on page 19 undefined on input l
ine 402.


LaTeX Warning: Reference `fig:index_category' on page 19 undefined on input lin
e 402.


LaTeX Warning: Reference `fig:index_cities' on page 19 undefined on input line 
402.

<screens/register.png, id=105, 2929.94624pt x 1661.45718pt>
File: screens/register.png Graphic file (type png)

<use screens/register.png>
Package pdftex.def Info: screens/register.png used on input line 406.
(pdftex.def)             Requested size: 345.0pt x 195.6142pt.
 [19 <./screens/index3.png> <./screens/index4.png>]
<screens/login.png, id=109, 2883.27188pt x 1621.55812pt>
File: screens/login.png Graphic file (type png)

<use screens/login.png>
Package pdftex.def Info: screens/login.png used on input line 413.
(pdftex.def)             Requested size: 345.0pt x 194.00949pt.
 <screens/loged_in.png, id=110, 1008.01593pt x 48.18pt>
File: screens/loged_in.png Graphic file (type png)

<use screens/loged_in.png>
Package pdftex.def Info: screens/loged_in.png used on input line 420.
(pdftex.def)             Requested size: 345.0pt x 16.48978pt.

<screens/reset.png, id=111, 957.5775pt x 907.89188pt>
File: screens/reset.png Graphic file (type png)
 <use screens/reset.png>
Package pdftex.def Info: screens/reset.png used on input line 427.
(pdftex.def)             Requested size: 345.0pt x 327.09018pt.

[20 <./screens/register.png> <./screens/login.png> <./screens/loged_in.png>]

LaTeX Warning: Reference `fig:login' on page 21 undefined on input line 432.


LaTeX Warning: Reference `fig:register' on page 21 undefined on input line 432.



LaTeX Warning: Reference `fig:loged_in' on page 21 undefined on input line 432.



LaTeX Warning: Reference `fig:reset' on page 21 undefined on input line 432.

<screens/account_profile.png, id=117, 1441.63594pt x 813.0375pt>
File: screens/account_profile.png Graphic file (type png)

<use screens/account_profile.png>
Package pdftex.def Info: screens/account_profile.png used on input line 436.
(pdftex.def)             Requested size: 345.0pt x 194.56232pt.
 [21 <./screens/reset.png>]

LaTeX Warning: Reference `fig:account_details' on page 22 undefined on input li
ne 441.

<screens/reservations_history.png, id=122, 1443.89438pt x 810.77907pt>
File: screens/reservations_history.png Graphic file (type png)

<use screens/reservations_history.png>
Package pdftex.def Info: screens/reservations_history.png used on input line 44
5.
(pdftex.def)             Requested size: 345.0pt x 193.72495pt.


LaTeX Warning: Reference `fig:account_reservations_history' on page 22 undefine
d on input line 450.

<screens/restaurants.png, id=123, 1431.09656pt x 708.39656pt>
File: screens/restaurants.png Graphic file (type png)

<use screens/restaurants.png>
Package pdftex.def Info: screens/restaurants.png used on input line 454.
(pdftex.def)             Requested size: 345.0pt x 170.77528pt.
 [22 <./screens/account_profile.png> <./screens/reservations_history.png>]
<screens/restaurant.png, id=128, 791.95876pt x 1331.72531pt>
File: screens/restaurant.png Graphic file (type png)

<use screens/restaurant.png>
Package pdftex.def Info: screens/restaurant.png used on input line 461.
(pdftex.def)             Requested size: 345.0pt x 580.1493pt.
 [23 <./screens/restaurants.png>]
Overfull \vbox (52.1493pt too high) has occurred while \output is active []


[24 <./screens/restaurant.png>]
<screens/reservation.png, id=137, 1437.11906pt x 710.655pt>
File: screens/reservation.png Graphic file (type png)

<use screens/reservation.png>
Package pdftex.def Info: screens/reservation.png used on input line 468.
(pdftex.def)             Requested size: 345.0pt x 170.60405pt.

<screens/reservation2.png, id=138, 1028.34187pt x 548.0475pt>
File: screens/reservation2.png Graphic file (type png)

<use screens/reservation2.png>
Package pdftex.def Info: screens/reservation2.png used on input line 475.
(pdftex.def)             Requested size: 345.0pt x 183.86673pt.


LaTeX Warning: Reference `fig:restaurant' on page 25 undefined on input line 48
0.

[25 <./screens/reservation.png> <./screens/reservation2.png>]
<screens/about.png, id=143, 1427.3325pt x 712.16063pt>
File: screens/about.png Graphic file (type png)
 <use screens/about.png>
Package pdftex.def Info: screens/about.png used on input line 484.
(pdftex.def)             Requested size: 345.0pt x 172.12823pt.

<screens/contact.png, id=144, 2948.01375pt x 1659.19875pt>
File: screens/contact.png Graphic file (type png)

<use screens/contact.png>
Package pdftex.def Info: screens/contact.png used on input line 491.
(pdftex.def)             Requested size: 345.0pt x 194.15839pt.


LaTeX Warning: Reference `fig:about' on page 26 undefined on input line 496.


LaTeX Warning: Reference `fig:contact' on page 26 undefined on input line 496.

<screens/register_rest_1.png, id=145, 1430.34375pt x 727.96968pt>
File: screens/register_rest_1.png Graphic file (type png)

<use screens/register_rest_1.png>
Package pdftex.def Info: screens/register_rest_1.png used on input line 500.
(pdftex.def)             Requested size: 345.0pt x 175.5827pt.
 [26 <./screens/about.png> <./screens/contact.png>] <screens/register_rest_2.pn
g, id=151, 1430.34375pt x 732.48656pt>
File: screens/register_rest_2.png Graphic file (type png)

<use screens/register_rest_2.png>
Package pdftex.def Info: screens/register_rest_2.png used on input line 507.
(pdftex.def)             Requested size: 345.0pt x 176.67215pt.

<screens/register_rest_3.png, id=152, 1425.07407pt x 723.45282pt>
File: screens/register_rest_3.png Graphic file (type png)

<use screens/register_rest_3.png>
Package pdftex.def Info: screens/register_rest_3.png used on input line 514.
(pdftex.def)             Requested size: 345.0pt x 175.13353pt.
 [27 <./screens/register_rest_1.png> <./screens/register_rest_2.png>]
<screens/register_rest_4.png, id=158, 1426.57968pt x 720.44156pt>
File: screens/register_rest_4.png Graphic file (type png)

<use screens/register_rest_4.png>
Package pdftex.def Info: screens/register_rest_4.png used on input line 521.
(pdftex.def)             Requested size: 345.0pt x 174.22867pt.


LaTeX Warning: Reference `fig:register_rest_1' on page 28 undefined on input li
ne 526.


LaTeX Warning: Reference `fig:register_rest_4' on page 28 undefined on input li
ne 526.

<screens/menuRestaurant.png, id=159, 365.86688pt x 103.13531pt>
File: screens/menuRestaurant.png Graphic file (type png)

<use screens/menuRestaurant.png>
Package pdftex.def Info: screens/menuRestaurant.png used on input line 533.
(pdftex.def)             Requested size: 345.0pt x 97.25877pt.
 [28 <./screens/register_rest_3.png> <./screens/register_rest_4.png>]
<screens/restaurantEdit.png, id=165, 1029.8475pt x 1062.97125pt>
File: screens/restaurantEdit.png Graphic file (type png)

<use screens/restaurantEdit.png>
Package pdftex.def Info: screens/restaurantEdit.png used on input line 540.
(pdftex.def)             Requested size: 345.0pt x 356.08542pt.

<screens/employees.png, id=166, 1028.34187pt x 548.0475pt>
File: screens/employees.png Graphic file (type png)

<use screens/employees.png>
Package pdftex.def Info: screens/employees.png used on input line 546.
(pdftex.def)             Requested size: 345.0pt x 183.86673pt.
 [29 <./screens/menuRestaurant.png> <./screens/restaurantEdit.png>] <screens/em
ployees2.png, id=171, 1028.34187pt x 548.0475pt>
File: screens/employees2.png Graphic file (type png)

<use screens/employees2.png>
Package pdftex.def Info: screens/employees2.png used on input line 552.
(pdftex.def)             Requested size: 345.0pt x 183.86673pt.

<screens/restaurantRes.png, id=172, 1029.8475pt x 545.03625pt>
File: screens/restaurantRes.png Graphic file (type png)

<use screens/restaurantRes.png>
Package pdftex.def Info: screens/restaurantRes.png used on input line 558.
(pdftex.def)             Requested size: 345.0pt x 182.58203pt.
 [30 <./screens/employees.png> <./screens/employees2.png>] <gantt.png, id=177, 
888.31876pt x 488.82625pt>
File: gantt.png Graphic file (type png)
 <use gantt.png>
Package pdftex.def Info: gantt.png used on input line 567.
(pdftex.def)             Requested size: 241.49895pt x 132.88736pt.


LaTeX Warning: Reference `fig:gantt' on page 31 undefined on input line 572.

<gantt_real.png, id=178, 909.3975pt x 475.7775pt>
File: gantt_real.png Graphic file (type png)
 <use gantt_real.png>
Package pdftex.def Info: gantt_real.png used on input line 576.
(pdftex.def)             Requested size: 241.49895pt x 126.34178pt.


LaTeX Warning: `h' float specifier changed to `ht'.


LaTeX Warning: Reference `fig:gantt' on page 31 undefined on input line 581.


Overfull \hbox (14.33395pt too wide) in paragraph at lines 586--587
\OT4/cmr/m/n/10 Przed przy-st¡-pie-niem do pra-cy nad pro-jek-tem osza-co-wa-no
 kosz-ta pro-jek-tu uwzgl¦d-
 []

[31 <./screens/restaurantRes.png> <./gantt.png>]
Underfull \hbox (badness 10000) in paragraph at lines 598--602

 []

[32 <./gantt_real.png (PNG copy)>]
Underfull \hbox (badness 10000) in paragraph at lines 620--622

 []

[33]
LaTeX Font Info:    Try loading font information for OT4+cmtt on input line 647
.
 ("C:\Program Files\MiKTeX 2.9\tex\latex\polski\ot4cmtt.fd"
File: ot4cmtt.fd 2008/02/24 v1.2.1 Font defs for fonts PL (MW)
)
Overfull \hbox (26.08247pt too wide) in paragraph at lines 650--652
\OT4/cmtt/m/n/10 https://docs.microsoft.com/pl-pl/aspnet/#pivot[]core&panel[]co
re[]overview 
 []

[34] (dokumentacja.aux)

LaTeX Warning: There were undefined references.


LaTeX Warning: Label(s) may have changed. Rerun to get cross-references right.

 ) 
Here is how much of TeX's memory you used:
 3907 strings out of 493323
 57732 string characters out of 3139067
 121226 words of memory out of 3000000
 7346 multiletter control sequences out of 15000+200000
 13720 words of font info for 37 fonts, out of 3000000 for 9000
 1141 hyphenation exceptions out of 8191
 39i,9n,39p,1126b,316s stack positions out of 5000i,500n,10000p,200000b,50000s
{C:/Program Files/MiKTeX 2.9/fonts/enc/dvips/pl/pltt.enc}{C:/Program Files/Mi
KTeX 2.9/fonts/enc/dvips/pl/plit.enc}{C:/Program Files/MiKTeX 2.9/fonts/enc/dvi
ps/pl/plrm.enc}{C:/Program Files/MiKTeX 2.9/fonts/enc/dvips/pl/plsc.enc}<C:/Pro
gram Files/MiKTeX 2.9/fonts/type1/public/amsfonts/cm/cmsy10.pfb><C:/Program Fil
es/MiKTeX 2.9/fonts/type1/public/pl/plbx10.pfb><C:/Program Files/MiKTeX 2.9/fon
ts/type1/public/pl/plbx12.pfb><C:/Program Files/MiKTeX 2.9/fonts/type1/public/p
l/plcsc10.pfb><C:/Program Files/MiKTeX 2.9/fonts/type1/public/pl/plr10.pfb><C:/
Program Files/MiKTeX 2.9/fonts/type1/public/pl/plr12.pfb><C:/Program Files/MiKT
eX 2.9/fonts/type1/public/pl/plti10.pfb><C:/Program Files/MiKTeX 2.9/fonts/type
1/public/pl/plti12.pfb><C:/Program Files/MiKTeX 2.9/fonts/type1/public/pl/pltt1
0.pfb>
Output written on dokumentacja.pdf (35 pages, 28850219 bytes).
PDF statistics:
 226 PDF objects out of 1000 (max. 8388607)
 0 named destinations out of 1000 (max. 500000)
 226 words of extra memory for PDF output out of 10000 (max. 10000000)

